!SESSION 2016-01-29 20:13:12.626 -----------------------------------------------
eclipse.buildId=4.5.0.I20150603-2000
java.version=1.8.0_66
java.vendor=Oracle Corporation
BootLoader constants: OS=win32, ARCH=x86_64, WS=win32, NL=en_US
Framework arguments:  -product org.eclipse.epp.package.java.product
Command-line arguments:  -os win32 -ws win32 -arch x86_64 -product org.eclipse.epp.package.java.product

!ENTRY org.eclipse.equinox.p2.reconciler.dropins 4 0 2016-01-29 20:14:04.151
!MESSAGE FrameworkEvent ERROR
!STACK 0
org.osgi.framework.BundleException: Exception in org.eclipse.equinox.internal.p2.reconciler.dropins.Activator.start() of bundle org.eclipse.equinox.p2.reconciler.dropins.
	at org.eclipse.osgi.internal.framework.BundleContextImpl.startActivator(BundleContextImpl.java:792)
	at org.eclipse.osgi.internal.framework.BundleContextImpl.start(BundleContextImpl.java:721)
	at org.eclipse.osgi.internal.framework.EquinoxBundle.startWorker0(EquinoxBundle.java:941)
	at org.eclipse.osgi.internal.framework.EquinoxBundle$EquinoxModule.startWorker(EquinoxBundle.java:318)
	at org.eclipse.osgi.container.Module.doStart(Module.java:571)
	at org.eclipse.osgi.container.Module.start(Module.java:439)
	at org.eclipse.osgi.container.ModuleContainer$ContainerStartLevel.incStartLevel(ModuleContainer.java:1582)
	at org.eclipse.osgi.container.ModuleContainer$ContainerStartLevel.incStartLevel(ModuleContainer.java:1562)
	at org.eclipse.osgi.container.ModuleContainer$ContainerStartLevel.doContainerStartLevel(ModuleContainer.java:1533)
	at org.eclipse.osgi.container.ModuleContainer$ContainerStartLevel.dispatchEvent(ModuleContainer.java:1476)
	at org.eclipse.osgi.container.ModuleContainer$ContainerStartLevel.dispatchEvent(ModuleContainer.java:1)
	at org.eclipse.osgi.framework.eventmgr.EventManager.dispatchEvent(EventManager.java:230)
	at org.eclipse.osgi.framework.eventmgr.EventManager$EventThread.run(EventManager.java:340)
Caused by: java.lang.IllegalStateException: Profile epp.package.java is not current. Expected timestamp 0 but was 0.
	at org.eclipse.equinox.internal.p2.engine.SimpleProfileRegistry.lockProfile(SimpleProfileRegistry.java:850)
	at org.eclipse.equinox.internal.p2.engine.Engine.perform(Engine.java:67)
	at org.eclipse.equinox.internal.p2.engine.Engine.perform(Engine.java:44)
	at org.eclipse.equinox.internal.p2.reconciler.dropins.ProfileSynchronizer.executePlan(ProfileSynchronizer.java:805)
	at org.eclipse.equinox.internal.p2.reconciler.dropins.ProfileSynchronizer.performAddRemove(ProfileSynchronizer.java:202)
	at org.eclipse.equinox.internal.p2.reconciler.dropins.ProfileSynchronizer.synchronize(ProfileSynchronizer.java:141)
	at org.eclipse.equinox.internal.p2.reconciler.dropins.Activator.synchronize(Activator.java:469)
	at org.eclipse.equinox.internal.p2.reconciler.dropins.Activator.start(Activator.java:177)
	at org.eclipse.osgi.internal.framework.BundleContextImpl$3.run(BundleContextImpl.java:771)
	at org.eclipse.osgi.internal.framework.BundleContextImpl$3.run(BundleContextImpl.java:1)
	at java.security.AccessController.doPrivileged(Native Method)
	at org.eclipse.osgi.internal.framework.BundleContextImpl.startActivator(BundleContextImpl.java:764)
	... 12 more
Root exception:
java.lang.IllegalStateException: Profile epp.package.java is not current. Expected timestamp 0 but was 0.
	at org.eclipse.equinox.internal.p2.engine.SimpleProfileRegistry.lockProfile(SimpleProfileRegistry.java:850)
	at org.eclipse.equinox.internal.p2.engine.Engine.perform(Engine.java:67)
	at org.eclipse.equinox.internal.p2.engine.Engine.perform(Engine.java:44)
	at org.eclipse.equinox.internal.p2.reconciler.dropins.ProfileSynchronizer.executePlan(ProfileSynchronizer.java:805)
	at org.eclipse.equinox.internal.p2.reconciler.dropins.ProfileSynchronizer.performAddRemove(ProfileSynchronizer.java:202)
	at org.eclipse.equinox.internal.p2.reconciler.dropins.ProfileSynchronizer.synchronize(ProfileSynchronizer.java:141)
	at org.eclipse.equinox.internal.p2.reconciler.dropins.Activator.synchronize(Activator.java:469)
	at org.eclipse.equinox.internal.p2.reconciler.dropins.Activator.start(Activator.java:177)
	at org.eclipse.osgi.internal.framework.BundleContextImpl$3.run(BundleContextImpl.java:771)
	at org.eclipse.osgi.internal.framework.BundleContextImpl$3.run(BundleContextImpl.java:1)
	at java.security.AccessController.doPrivileged(Native Method)
	at org.eclipse.osgi.internal.framework.BundleContextImpl.startActivator(BundleContextImpl.java:764)
	at org.eclipse.osgi.internal.framework.BundleContextImpl.start(BundleContextImpl.java:721)
	at org.eclipse.osgi.internal.framework.EquinoxBundle.startWorker0(EquinoxBundle.java:941)
	at org.eclipse.osgi.internal.framework.EquinoxBundle$EquinoxModule.startWorker(EquinoxBundle.java:318)
	at org.eclipse.osgi.container.Module.doStart(Module.java:571)
	at org.eclipse.osgi.container.Module.start(Module.java:439)
	at org.eclipse.osgi.container.ModuleContainer$ContainerStartLevel.incStartLevel(ModuleContainer.java:1582)
	at org.eclipse.osgi.container.ModuleContainer$ContainerStartLevel.incStartLevel(ModuleContainer.java:1562)
	at org.eclipse.osgi.container.ModuleContainer$ContainerStartLevel.doContainerStartLevel(ModuleContainer.java:1533)
	at org.eclipse.osgi.container.ModuleContainer$ContainerStartLevel.dispatchEvent(ModuleContainer.java:1476)
	at org.eclipse.osgi.container.ModuleContainer$ContainerStartLevel.dispatchEvent(ModuleContainer.java:1)
	at org.eclipse.osgi.framework.eventmgr.EventManager.dispatchEvent(EventManager.java:230)
	at org.eclipse.osgi.framework.eventmgr.EventManager$EventThread.run(EventManager.java:340)

!ENTRY org.eclipse.osgi 4 0 2016-01-29 20:14:04.426
!MESSAGE Application error
!STACK 1
java.lang.UnsatisfiedLinkError: Cannot load 64-bit SWT libraries on 32-bit JVM
	at org.eclipse.swt.internal.Library.loadLibrary(Library.java:256)
	at org.eclipse.swt.internal.Library.loadLibrary(Library.java:236)
	at org.eclipse.swt.internal.C.<clinit>(C.java:16)
	at org.eclipse.swt.widgets.Display.<clinit>(Display.java:138)
	at org.eclipse.ui.internal.Workbench.createDisplay(Workbench.java:734)
	at org.eclipse.ui.PlatformUI.createDisplay(PlatformUI.java:162)
	at org.eclipse.ui.internal.ide.application.IDEApplication.createDisplay(IDEApplication.java:169)
	at org.eclipse.ui.internal.ide.application.IDEApplication.start(IDEApplication.java:111)
	at org.eclipse.equinox.internal.app.EclipseAppHandle.run(EclipseAppHandle.java:196)
	at org.eclipse.core.runtime.internal.adaptor.EclipseAppLauncher.runApplication(EclipseAppLauncher.java:134)
	at org.eclipse.core.runtime.internal.adaptor.EclipseAppLauncher.start(EclipseAppLauncher.java:104)
	at org.eclipse.core.runtime.adaptor.EclipseStarter.run(EclipseStarter.java:380)
	at org.eclipse.core.runtime.adaptor.EclipseStarter.run(EclipseStarter.java:235)
	at sun.reflect.NativeMethodAccessorImpl.invoke0(Native Method)
	at sun.reflect.NativeMethodAccessorImpl.invoke(Unknown Source)
	at sun.reflect.DelegatingMethodAccessorImpl.invoke(Unknown Source)
	at java.lang.reflect.Method.invoke(Unknown Source)
	at org.eclipse.equinox.launcher.Main.invokeFramework(Main.java:669)
	at org.eclipse.equinox.launcher.Main.basicRun(Main.java:608)
	at org.eclipse.equinox.launcher.Main.run(Main.java:1515)
	at org.eclipse.equinox.launcher.Main.main(Main.java:1488)
